<?xml version="1.0" encoding="UTF-8"?>
<testsuite xmlns:xsi="http://www.w3.org/2001/XMLSchema-instance" xsi:noNamespaceSchemaLocation="https://maven.apache.org/surefire/maven-surefire-plugin/xsd/surefire-test-report.xsd" name="TestSuite" time="44.751" tests="1" errors="0" skipped="0" failures="0">
  <properties>
    <property name="gopherProxySet" value="false"/>
    <property name="awt.toolkit" value="sun.lwawt.macosx.LWCToolkit"/>
    <property name="file.encoding.pkg" value="sun.io"/>
    <property name="java.specification.version" value="1.8"/>
    <property name="sun.cpu.isalist" value=""/>
    <property name="sun.jnu.encoding" value="UTF-8"/>
    <property name="java.class.path" value="/Users/aayushi/Desktop/TestNG_Observability-main/testng-examples/target/test-classes:/Users/aayushi/Desktop/TestNG_Observability-main/testng-examples/target/classes:/Users/aayushi/.m2/repository/org/testng/testng/7.5/testng-7.5.jar:/Users/aayushi/.m2/repository/com/google/code/findbugs/jsr305/3.0.1/jsr305-3.0.1.jar:/Users/aayushi/.m2/repository/org/slf4j/slf4j-api/1.7.32/slf4j-api-1.7.32.jar:/Users/aayushi/.m2/repository/com/beust/jcommander/1.78/jcommander-1.78.jar:/Users/aayushi/.m2/repository/org/webjars/jquery/3.5.1/jquery-3.5.1.jar:/Users/aayushi/.m2/repository/io/appium/java-client/7.0.0/java-client-7.0.0.jar:/Users/aayushi/.m2/repository/org/seleniumhq/selenium/selenium-support/3.141.59/selenium-support-3.141.59.jar:/Users/aayushi/.m2/repository/org/seleniumhq/selenium/selenium-api/3.141.59/selenium-api-3.141.59.jar:/Users/aayushi/.m2/repository/com/google/code/gson/gson/2.8.5/gson-2.8.5.jar:/Users/aayushi/.m2/repository/org/apache/httpcomponents/httpclient/4.5.6/httpclient-4.5.6.jar:/Users/aayushi/.m2/repository/org/apache/httpcomponents/httpcore/4.4.10/httpcore-4.4.10.jar:/Users/aayushi/.m2/repository/commons-logging/commons-logging/1.2/commons-logging-1.2.jar:/Users/aayushi/.m2/repository/commons-codec/commons-codec/1.10/commons-codec-1.10.jar:/Users/aayushi/.m2/repository/cglib/cglib/3.2.8/cglib-3.2.8.jar:/Users/aayushi/.m2/repository/org/ow2/asm/asm/6.2.1/asm-6.2.1.jar:/Users/aayushi/.m2/repository/org/apache/ant/ant/1.10.3/ant-1.10.3.jar:/Users/aayushi/.m2/repository/org/apache/ant/ant-launcher/1.10.3/ant-launcher-1.10.3.jar:/Users/aayushi/.m2/repository/commons-validator/commons-validator/1.6/commons-validator-1.6.jar:/Users/aayushi/.m2/repository/commons-beanutils/commons-beanutils/1.9.2/commons-beanutils-1.9.2.jar:/Users/aayushi/.m2/repository/commons-digester/commons-digester/1.8.1/commons-digester-1.8.1.jar:/Users/aayushi/.m2/repository/commons-collections/commons-collections/3.2.2/commons-collections-3.2.2.jar:/Users/aayushi/.m2/repository/org/apache/commons/commons-lang3/3.8/commons-lang3-3.8.jar:/Users/aayushi/.m2/repository/org/springframework/spring-context/5.1.0.RELEASE/spring-context-5.1.0.RELEASE.jar:/Users/aayushi/.m2/repository/org/springframework/spring-aop/5.1.0.RELEASE/spring-aop-5.1.0.RELEASE.jar:/Users/aayushi/.m2/repository/org/springframework/spring-beans/5.1.0.RELEASE/spring-beans-5.1.0.RELEASE.jar:/Users/aayushi/.m2/repository/org/springframework/spring-core/5.1.0.RELEASE/spring-core-5.1.0.RELEASE.jar:/Users/aayushi/.m2/repository/org/springframework/spring-jcl/5.1.0.RELEASE/spring-jcl-5.1.0.RELEASE.jar:/Users/aayushi/.m2/repository/org/springframework/spring-expression/5.1.0.RELEASE/spring-expression-5.1.0.RELEASE.jar:/Users/aayushi/.m2/repository/org/aspectj/aspectjweaver/1.9.1/aspectjweaver-1.9.1.jar:/Users/aayushi/.m2/repository/commons-io/commons-io/1.3.2/commons-io-1.3.2.jar:/Users/aayushi/.m2/repository/org/seleniumhq/selenium/selenium-java/3.141.59/selenium-java-3.141.59.jar:/Users/aayushi/.m2/repository/org/seleniumhq/selenium/selenium-chrome-driver/3.141.59/selenium-chrome-driver-3.141.59.jar:/Users/aayushi/.m2/repository/org/seleniumhq/selenium/selenium-edge-driver/3.141.59/selenium-edge-driver-3.141.59.jar:/Users/aayushi/.m2/repository/org/seleniumhq/selenium/selenium-firefox-driver/3.141.59/selenium-firefox-driver-3.141.59.jar:/Users/aayushi/.m2/repository/org/seleniumhq/selenium/selenium-ie-driver/3.141.59/selenium-ie-driver-3.141.59.jar:/Users/aayushi/.m2/repository/org/seleniumhq/selenium/selenium-opera-driver/3.141.59/selenium-opera-driver-3.141.59.jar:/Users/aayushi/.m2/repository/org/seleniumhq/selenium/selenium-remote-driver/3.141.59/selenium-remote-driver-3.141.59.jar:/Users/aayushi/.m2/repository/org/seleniumhq/selenium/selenium-safari-driver/3.141.59/selenium-safari-driver-3.141.59.jar:/Users/aayushi/.m2/repository/net/bytebuddy/byte-buddy/1.8.15/byte-buddy-1.8.15.jar:/Users/aayushi/.m2/repository/org/apache/commons/commons-exec/1.3/commons-exec-1.3.jar:/Users/aayushi/.m2/repository/com/google/guava/guava/25.0-jre/guava-25.0-jre.jar:/Users/aayushi/.m2/repository/org/checkerframework/checker-compat-qual/2.0.0/checker-compat-qual-2.0.0.jar:/Users/aayushi/.m2/repository/com/google/errorprone/error_prone_annotations/2.1.3/error_prone_annotations-2.1.3.jar:/Users/aayushi/.m2/repository/com/google/j2objc/j2objc-annotations/1.1/j2objc-annotations-1.1.jar:/Users/aayushi/.m2/repository/org/codehaus/mojo/animal-sniffer-annotations/1.14/animal-sniffer-annotations-1.14.jar:/Users/aayushi/.m2/repository/com/squareup/okhttp3/okhttp/3.11.0/okhttp-3.11.0.jar:/Users/aayushi/.m2/repository/com/squareup/okio/okio/1.14.0/okio-1.14.0.jar:/Users/aayushi/.m2/repository/com/browserstack/browserstack-local-java/1.0.3/browserstack-local-java-1.0.3.jar:/Users/aayushi/.m2/repository/org/json/json/20160212/json-20160212.jar:/Users/aayushi/.m2/repository/com/googlecode/json-simple/json-simple/1.1.1/json-simple-1.1.1.jar:/Users/aayushi/.m2/repository/junit/junit/4.10/junit-4.10.jar:/Users/aayushi/.m2/repository/org/hamcrest/hamcrest-core/1.1/hamcrest-core-1.1.jar:/Users/aayushi/.m2/repository/com/browserstack/browserstack-java-sdk/1.4.1/browserstack-java-sdk-1.4.1.jar:/Users/aayushi/.m2/repository/org/javassist/javassist/3.26.0-GA/javassist-3.26.0-GA.jar:/Users/aayushi/.m2/repository/com/fasterxml/jackson/core/jackson-core/2.14.2/jackson-core-2.14.2.jar:/Users/aayushi/.m2/repository/com/fasterxml/jackson/core/jackson-databind/2.14.2/jackson-databind-2.14.2.jar:/Users/aayushi/.m2/repository/com/fasterxml/jackson/core/jackson-annotations/2.14.2/jackson-annotations-2.14.2.jar:/Users/aayushi/.m2/repository/org/yaml/snakeyaml/2.0/snakeyaml-2.0.jar:/Users/aayushi/.m2/repository/org/apache/maven/maven-artifact/3.8.6/maven-artifact-3.8.6.jar:/Users/aayushi/.m2/repository/org/codehaus/plexus/plexus-utils/3.3.1/plexus-utils-3.3.1.jar:/Users/aayushi/.m2/repository/org/jsoup/jsoup/1.15.3/jsoup-1.15.3.jar:/Users/aayushi/.m2/repository/org/eclipse/jgit/org.eclipse.jgit/5.4.2.201908231537-r/org.eclipse.jgit-5.4.2.201908231537-r.jar:/Users/aayushi/.m2/repository/com/jcraft/jsch/0.1.55/jsch-0.1.55.jar:/Users/aayushi/.m2/repository/com/jcraft/jzlib/1.1.1/jzlib-1.1.1.jar:/Users/aayushi/.m2/repository/com/googlecode/javaewah/JavaEWAH/1.1.6/JavaEWAH-1.1.6.jar:/Users/aayushi/.m2/repository/org/bouncycastle/bcpg-jdk15on/1.61/bcpg-jdk15on-1.61.jar:/Users/aayushi/.m2/repository/org/bouncycastle/bcprov-jdk15on/1.61/bcprov-jdk15on-1.61.jar:/Users/aayushi/.m2/repository/org/bouncycastle/bcpkix-jdk15on/1.61/bcpkix-jdk15on-1.61.jar:/Users/aayushi/.m2/repository/org/apache/logging/log4j/log4j-core/2.20.0/log4j-core-2.20.0.jar:/Users/aayushi/.m2/repository/org/apache/logging/log4j/log4j-api/2.20.0/log4j-api-2.20.0.jar:/Users/aayushi/.m2/repository/io/percy/percy-appium-app/1.1.0/percy-appium-app-1.1.0.jar:"/>
    <property name="java.vm.vendor" value="Oracle Corporation"/>
    <property name="sun.arch.data.model" value="64"/>
    <property name="OBSERVABILITY_BUILD_HASHED_ID" value="6jyobyur5ekbtuylhewqy4uxytsobqzb5pwyngay"/>
    <property name="java.vendor.url" value="http://java.oracle.com/"/>
    <property name="user.timezone" value="Asia/Kolkata"/>
    <property name="java.vm.specification.version" value="1.8"/>
    <property name="os.name" value="Mac OS X"/>
    <property name="user.country" value="IN"/>
    <property name="sun.java.launcher" value="SUN_STANDARD"/>
    <property name="sun.boot.library.path" value="/Library/Java/JavaVirtualMachines/jdk1.8.0_202.jdk/Contents/Home/jre/lib"/>
    <property name="OBSERVABILITY_ALLOW_SCREENSHOTS" value="true"/>
    <property name="sun.java.command" value="/Users/aayushi/Desktop/TestNG_Observability-main/testng-examples/target/surefire/surefirebooter8821442472500546639.jar /Users/aayushi/Desktop/TestNG_Observability-main/testng-examples/target/surefire 2023-05-11T15-12-39_915-jvmRun1 surefire1388352000728913637tmp surefire_01594888756060019340tmp"/>
    <property name="surefire.test.class.path" value="/Users/aayushi/Desktop/TestNG_Observability-main/testng-examples/target/test-classes:/Users/aayushi/Desktop/TestNG_Observability-main/testng-examples/target/classes:/Users/aayushi/.m2/repository/org/testng/testng/7.5/testng-7.5.jar:/Users/aayushi/.m2/repository/com/google/code/findbugs/jsr305/3.0.1/jsr305-3.0.1.jar:/Users/aayushi/.m2/repository/org/slf4j/slf4j-api/1.7.32/slf4j-api-1.7.32.jar:/Users/aayushi/.m2/repository/com/beust/jcommander/1.78/jcommander-1.78.jar:/Users/aayushi/.m2/repository/org/webjars/jquery/3.5.1/jquery-3.5.1.jar:/Users/aayushi/.m2/repository/io/appium/java-client/7.0.0/java-client-7.0.0.jar:/Users/aayushi/.m2/repository/org/seleniumhq/selenium/selenium-support/3.141.59/selenium-support-3.141.59.jar:/Users/aayushi/.m2/repository/org/seleniumhq/selenium/selenium-api/3.141.59/selenium-api-3.141.59.jar:/Users/aayushi/.m2/repository/com/google/code/gson/gson/2.8.5/gson-2.8.5.jar:/Users/aayushi/.m2/repository/org/apache/httpcomponents/httpclient/4.5.6/httpclient-4.5.6.jar:/Users/aayushi/.m2/repository/org/apache/httpcomponents/httpcore/4.4.10/httpcore-4.4.10.jar:/Users/aayushi/.m2/repository/commons-logging/commons-logging/1.2/commons-logging-1.2.jar:/Users/aayushi/.m2/repository/commons-codec/commons-codec/1.10/commons-codec-1.10.jar:/Users/aayushi/.m2/repository/cglib/cglib/3.2.8/cglib-3.2.8.jar:/Users/aayushi/.m2/repository/org/ow2/asm/asm/6.2.1/asm-6.2.1.jar:/Users/aayushi/.m2/repository/org/apache/ant/ant/1.10.3/ant-1.10.3.jar:/Users/aayushi/.m2/repository/org/apache/ant/ant-launcher/1.10.3/ant-launcher-1.10.3.jar:/Users/aayushi/.m2/repository/commons-validator/commons-validator/1.6/commons-validator-1.6.jar:/Users/aayushi/.m2/repository/commons-beanutils/commons-beanutils/1.9.2/commons-beanutils-1.9.2.jar:/Users/aayushi/.m2/repository/commons-digester/commons-digester/1.8.1/commons-digester-1.8.1.jar:/Users/aayushi/.m2/repository/commons-collections/commons-collections/3.2.2/commons-collections-3.2.2.jar:/Users/aayushi/.m2/repository/org/apache/commons/commons-lang3/3.8/commons-lang3-3.8.jar:/Users/aayushi/.m2/repository/org/springframework/spring-context/5.1.0.RELEASE/spring-context-5.1.0.RELEASE.jar:/Users/aayushi/.m2/repository/org/springframework/spring-aop/5.1.0.RELEASE/spring-aop-5.1.0.RELEASE.jar:/Users/aayushi/.m2/repository/org/springframework/spring-beans/5.1.0.RELEASE/spring-beans-5.1.0.RELEASE.jar:/Users/aayushi/.m2/repository/org/springframework/spring-core/5.1.0.RELEASE/spring-core-5.1.0.RELEASE.jar:/Users/aayushi/.m2/repository/org/springframework/spring-jcl/5.1.0.RELEASE/spring-jcl-5.1.0.RELEASE.jar:/Users/aayushi/.m2/repository/org/springframework/spring-expression/5.1.0.RELEASE/spring-expression-5.1.0.RELEASE.jar:/Users/aayushi/.m2/repository/org/aspectj/aspectjweaver/1.9.1/aspectjweaver-1.9.1.jar:/Users/aayushi/.m2/repository/commons-io/commons-io/1.3.2/commons-io-1.3.2.jar:/Users/aayushi/.m2/repository/org/seleniumhq/selenium/selenium-java/3.141.59/selenium-java-3.141.59.jar:/Users/aayushi/.m2/repository/org/seleniumhq/selenium/selenium-chrome-driver/3.141.59/selenium-chrome-driver-3.141.59.jar:/Users/aayushi/.m2/repository/org/seleniumhq/selenium/selenium-edge-driver/3.141.59/selenium-edge-driver-3.141.59.jar:/Users/aayushi/.m2/repository/org/seleniumhq/selenium/selenium-firefox-driver/3.141.59/selenium-firefox-driver-3.141.59.jar:/Users/aayushi/.m2/repository/org/seleniumhq/selenium/selenium-ie-driver/3.141.59/selenium-ie-driver-3.141.59.jar:/Users/aayushi/.m2/repository/org/seleniumhq/selenium/selenium-opera-driver/3.141.59/selenium-opera-driver-3.141.59.jar:/Users/aayushi/.m2/repository/org/seleniumhq/selenium/selenium-remote-driver/3.141.59/selenium-remote-driver-3.141.59.jar:/Users/aayushi/.m2/repository/org/seleniumhq/selenium/selenium-safari-driver/3.141.59/selenium-safari-driver-3.141.59.jar:/Users/aayushi/.m2/repository/net/bytebuddy/byte-buddy/1.8.15/byte-buddy-1.8.15.jar:/Users/aayushi/.m2/repository/org/apache/commons/commons-exec/1.3/commons-exec-1.3.jar:/Users/aayushi/.m2/repository/com/google/guava/guava/25.0-jre/guava-25.0-jre.jar:/Users/aayushi/.m2/repository/org/checkerframework/checker-compat-qual/2.0.0/checker-compat-qual-2.0.0.jar:/Users/aayushi/.m2/repository/com/google/errorprone/error_prone_annotations/2.1.3/error_prone_annotations-2.1.3.jar:/Users/aayushi/.m2/repository/com/google/j2objc/j2objc-annotations/1.1/j2objc-annotations-1.1.jar:/Users/aayushi/.m2/repository/org/codehaus/mojo/animal-sniffer-annotations/1.14/animal-sniffer-annotations-1.14.jar:/Users/aayushi/.m2/repository/com/squareup/okhttp3/okhttp/3.11.0/okhttp-3.11.0.jar:/Users/aayushi/.m2/repository/com/squareup/okio/okio/1.14.0/okio-1.14.0.jar:/Users/aayushi/.m2/repository/com/browserstack/browserstack-local-java/1.0.3/browserstack-local-java-1.0.3.jar:/Users/aayushi/.m2/repository/org/json/json/20160212/json-20160212.jar:/Users/aayushi/.m2/repository/com/googlecode/json-simple/json-simple/1.1.1/json-simple-1.1.1.jar:/Users/aayushi/.m2/repository/junit/junit/4.10/junit-4.10.jar:/Users/aayushi/.m2/repository/org/hamcrest/hamcrest-core/1.1/hamcrest-core-1.1.jar:/Users/aayushi/.m2/repository/com/browserstack/browserstack-java-sdk/1.4.1/browserstack-java-sdk-1.4.1.jar:/Users/aayushi/.m2/repository/org/javassist/javassist/3.26.0-GA/javassist-3.26.0-GA.jar:/Users/aayushi/.m2/repository/com/fasterxml/jackson/core/jackson-core/2.14.2/jackson-core-2.14.2.jar:/Users/aayushi/.m2/repository/com/fasterxml/jackson/core/jackson-databind/2.14.2/jackson-databind-2.14.2.jar:/Users/aayushi/.m2/repository/com/fasterxml/jackson/core/jackson-annotations/2.14.2/jackson-annotations-2.14.2.jar:/Users/aayushi/.m2/repository/org/yaml/snakeyaml/2.0/snakeyaml-2.0.jar:/Users/aayushi/.m2/repository/org/apache/maven/maven-artifact/3.8.6/maven-artifact-3.8.6.jar:/Users/aayushi/.m2/repository/org/codehaus/plexus/plexus-utils/3.3.1/plexus-utils-3.3.1.jar:/Users/aayushi/.m2/repository/org/jsoup/jsoup/1.15.3/jsoup-1.15.3.jar:/Users/aayushi/.m2/repository/org/eclipse/jgit/org.eclipse.jgit/5.4.2.201908231537-r/org.eclipse.jgit-5.4.2.201908231537-r.jar:/Users/aayushi/.m2/repository/com/jcraft/jsch/0.1.55/jsch-0.1.55.jar:/Users/aayushi/.m2/repository/com/jcraft/jzlib/1.1.1/jzlib-1.1.1.jar:/Users/aayushi/.m2/repository/com/googlecode/javaewah/JavaEWAH/1.1.6/JavaEWAH-1.1.6.jar:/Users/aayushi/.m2/repository/org/bouncycastle/bcpg-jdk15on/1.61/bcpg-jdk15on-1.61.jar:/Users/aayushi/.m2/repository/org/bouncycastle/bcprov-jdk15on/1.61/bcprov-jdk15on-1.61.jar:/Users/aayushi/.m2/repository/org/bouncycastle/bcpkix-jdk15on/1.61/bcpkix-jdk15on-1.61.jar:/Users/aayushi/.m2/repository/org/apache/logging/log4j/log4j-core/2.20.0/log4j-core-2.20.0.jar:/Users/aayushi/.m2/repository/org/apache/logging/log4j/log4j-api/2.20.0/log4j-api-2.20.0.jar:/Users/aayushi/.m2/repository/io/percy/percy-appium-app/1.1.0/percy-appium-app-1.1.0.jar:"/>
    <property name="sun.cpu.endian" value="little"/>
    <property name="user.home" value="/Users/aayushi"/>
    <property name="user.language" value="en"/>
    <property name="java.specification.vendor" value="Oracle Corporation"/>
    <property name="java.home" value="/Library/Java/JavaVirtualMachines/jdk1.8.0_202.jdk/Contents/Home/jre"/>
    <property name="basedir" value="/Users/aayushi/Desktop/TestNG_Observability-main/testng-examples"/>
    <property name="file.separator" value="/"/>
    <property name="line.separator" value="&#10;"/>
    <property name="java.vm.specification.vendor" value="Oracle Corporation"/>
    <property name="java.specification.name" value="Java Platform API Specification"/>
    <property name="java.awt.graphicsenv" value="sun.awt.CGraphicsEnvironment"/>
    <property name="surefire.real.class.path" value="/Users/aayushi/Desktop/TestNG_Observability-main/testng-examples/target/surefire/surefirebooter8821442472500546639.jar:/Users/aayushi/.m2/repository/com/browserstack/browserstack-java-sdk/1.4.1/browserstack-java-sdk-1.4.1.jar"/>
    <property name="sun.boot.class.path" value="/Library/Java/JavaVirtualMachines/jdk1.8.0_202.jdk/Contents/Home/jre/lib/resources.jar:/Library/Java/JavaVirtualMachines/jdk1.8.0_202.jdk/Contents/Home/jre/lib/rt.jar:/Library/Java/JavaVirtualMachines/jdk1.8.0_202.jdk/Contents/Home/jre/lib/sunrsasign.jar:/Library/Java/JavaVirtualMachines/jdk1.8.0_202.jdk/Contents/Home/jre/lib/jsse.jar:/Library/Java/JavaVirtualMachines/jdk1.8.0_202.jdk/Contents/Home/jre/lib/jce.jar:/Library/Java/JavaVirtualMachines/jdk1.8.0_202.jdk/Contents/Home/jre/lib/charsets.jar:/Library/Java/JavaVirtualMachines/jdk1.8.0_202.jdk/Contents/Home/jre/lib/jfr.jar:/Library/Java/JavaVirtualMachines/jdk1.8.0_202.jdk/Contents/Home/jre/classes"/>
    <property name="sun.management.compiler" value="HotSpot 64-Bit Tiered Compilers"/>
    <property name="java.runtime.version" value="1.8.0_202-b08"/>
    <property name="user.name" value="aayushi"/>
    <property name="path.separator" value=":"/>
    <property name="os.version" value="10.16"/>
    <property name="java.endorsed.dirs" value="/Library/Java/JavaVirtualMachines/jdk1.8.0_202.jdk/Contents/Home/jre/lib/endorsed"/>
    <property name="java.runtime.name" value="Java(TM) SE Runtime Environment"/>
    <property name="file.encoding" value="US-ASCII"/>
    <property name="java.vm.name" value="Java HotSpot(TM) 64-Bit Server VM"/>
    <property name="localRepository" value="/Users/aayushi/.m2/repository"/>
    <property name="java.vendor.url.bug" value="http://bugreport.sun.com/bugreport/"/>
    <property name="java.io.tmpdir" value="/var/folders/kn/9wk0pmw119vgf1pxp87wvkbm0000gn/T/"/>
    <property name="java.version" value="1.8.0_202"/>
    <property name="user.dir" value="/Users/aayushi/Desktop/TestNG_Observability-main/testng-examples"/>
    <property name="os.arch" value="x86_64"/>
    <property name="java.vm.specification.name" value="Java Virtual Machine Specification"/>
    <property name="java.awt.printerjob" value="sun.lwawt.macosx.CPrinterJob"/>
    <property name="OBSERVABILITY_JWT" value="eyJhbGciOiJIUzI1NiJ9.eyJpc3MiOiJicm93c2Vyc3RhY2tfb2IiLCJzdWIiOiI0ODk3NjIxIiwiZ3JvdXBfaWQiOjIsInVzZXJfaWQiOjQ4OTc2MjEsImJ1aWxkX2hhc2hlZF9pZCI6IjZqeW9ieXVyNWVrYnR1eWxoZXdxeTR1eHl0c29icXpiNXB3eW5nYXkiLCJpYXQiOjE2ODM3OTgxNjYsImV4cCI6MTY4Mzk3MDk2Nn0.fs9Hl9-WABgn97hsmxVruLLUM6gz5FCHOLBYpcxoYlo"/>
    <property name="sun.os.patch.level" value="unknown"/>
    <property name="java.library.path" value="/Users/aayushi/Library/Java/Extensions:/Library/Java/Extensions:/Network/Library/Java/Extensions:/System/Library/Java/Extensions:/usr/lib/java:."/>
    <property name="java.vm.info" value="mixed mode"/>
    <property name="java.vendor" value="Oracle Corporation"/>
    <property name="java.vm.version" value="25.202-b08"/>
    <property name="java.ext.dirs" value="/Users/aayushi/Library/Java/Extensions:/Library/Java/JavaVirtualMachines/jdk1.8.0_202.jdk/Contents/Home/jre/lib/ext:/Library/Java/Extensions:/Network/Library/Java/Extensions:/System/Library/Java/Extensions:/usr/lib/java"/>
    <property name="sun.io.unicode.encoding" value="UnicodeBig"/>
    <property name="java.class.version" value="52.0"/>
  </properties>
  <testcase name="test" classname="com.browserstack.run_first_test.FirstTest" time="10.817"/>
</testsuite>