<?xml version="1.0" encoding="UTF-8"?>
<!-- Generated by org.testng.reporters.JUnitReportReporter -->
<testsuite skipped="0" hostname="AayushiBhardwaj-FVFF1HLTQ05D" name="com.browserstack.run_first_test.FirstTest" tests="1" failures="0" timestamp="2023-05-11T15:13:32 IST" time="42.617" errors="0">
  <testcase name="test" time="42.617" classname="com.browserstack.run_first_test.FirstTest"/>
  <system-out/>
</testsuite> <!-- com.browserstack.run_first_test.FirstTest -->
